<?xml version="1.0" encoding="UTF-8"?>
<robot generator="Robot 5.0.1 (Python 3.10.6 on win32)" generated="20220911 21:44:49.082" rpa="false" schemaversion="3">
<suite id="s1" name="Ksu robotframework" source="C:\Users\Ksenia\Documents\ProjectKsu2022\Ksu_robotframework">
<suite id="s1-s1" name="Test Login Rf" source="C:\Users\Ksenia\Documents\ProjectKsu2022\Ksu_robotframework\test_login_rf.robot">
<test id="s1-s1-t1" name="Login to the system" line="36">
<kw name="Open Login page">
<kw name="Open Browser" library="SeleniumLibrary">
<arg>${LOGIN URL}</arg>
<arg>${BROWSER}</arg>
<doc>Opens a new browser instance to the optional ``url``.</doc>
<msg timestamp="20220911 21:44:49.453" level="INFO">Opening browser 'Chrome' to base url 'https://scouts.futbolkolektyw.pl/en/'.</msg>
<status status="PASS" starttime="20220911 21:44:49.452" endtime="20220911 21:44:52.334"/>
</kw>
<kw name="Title Should Be" library="SeleniumLibrary">
<arg>Scouts panel - sign in</arg>
<doc>Verifies that the current page title equals ``title``.</doc>
<msg timestamp="20220911 21:44:52.343" level="INFO">Page title is 'Scouts panel - sign in'.</msg>
<status status="PASS" starttime="20220911 21:44:52.334" endtime="20220911 21:44:52.343"/>
</kw>
<status status="PASS" starttime="20220911 21:44:49.452" endtime="20220911 21:44:52.344"/>
</kw>
<kw name="Type in email">
<kw name="Input Text" library="SeleniumLibrary">
<arg>${EMAILINPUT}</arg>
<arg>user10@getnada.com</arg>
<doc>Types the given ``text`` into the text field identified by ``locator``.</doc>
<msg timestamp="20220911 21:44:52.346" level="INFO">Typing text 'user10@getnada.com' into text field 'xpath=//*[@id='login']'.</msg>
<status status="PASS" starttime="20220911 21:44:52.345" endtime="20220911 21:44:52.640"/>
</kw>
<status status="PASS" starttime="20220911 21:44:52.344" endtime="20220911 21:44:52.640"/>
</kw>
<kw name="Type in password">
<kw name="Input Text" library="SeleniumLibrary">
<arg>${PASSWORDINPUT}</arg>
<arg>Test-1234</arg>
<doc>Types the given ``text`` into the text field identified by ``locator``.</doc>
<msg timestamp="20220911 21:44:52.641" level="INFO">Typing text 'Test-1234' into text field 'xpath=//*[@id='password']'.</msg>
<status status="PASS" starttime="20220911 21:44:52.640" endtime="20220911 21:44:52.824"/>
</kw>
<status status="PASS" starttime="20220911 21:44:52.640" endtime="20220911 21:44:52.824"/>
</kw>
<kw name="Click on the Sign in button">
<kw name="Click Element" library="SeleniumLibrary">
<arg>${SIGNINBUTTON}</arg>
<doc>Click the element identified by ``locator``.</doc>
<msg timestamp="20220911 21:44:52.825" level="INFO">Clicking element 'xpath=//*[text()= 'Sign in']'.</msg>
<status status="PASS" starttime="20220911 21:44:52.825" endtime="20220911 21:44:52.899"/>
</kw>
<status status="PASS" starttime="20220911 21:44:52.824" endtime="20220911 21:44:52.899"/>
</kw>
<kw name="Assert Dashboard">
<kw name="Wait Until Element Is Visible" library="SeleniumLibrary">
<arg>${DASHBOARDLOGO}</arg>
<doc>Waits until the element ``locator`` is visible.</doc>
<status status="PASS" starttime="20220911 21:44:52.900" endtime="20220911 21:44:53.374"/>
</kw>
<kw name="Title Should Be" library="SeleniumLibrary">
<arg>Scouts panel</arg>
<doc>Verifies that the current page title equals ``title``.</doc>
<msg timestamp="20220911 21:44:53.599" level="INFO" html="true">&lt;/td&gt;&lt;/tr&gt;&lt;tr&gt;&lt;td colspan="3"&gt;&lt;a href="selenium-screenshot-7.png"&gt;&lt;img src="selenium-screenshot-7.png" width="800px"&gt;&lt;/a&gt;</msg>
<msg timestamp="20220911 21:44:53.600" level="FAIL">Title should have been 'Scouts panel' but was 'PANEL SKAUTINGOWY'.</msg>
<status status="FAIL" starttime="20220911 21:44:53.374" endtime="20220911 21:44:53.603"/>
</kw>
<kw name="Capture Page Screenshot" library="SeleniumLibrary">
<arg>screenshot_${TEST NAME}.png</arg>
<doc>Takes a screenshot of the current page and embeds it into a log file.</doc>
<status status="NOT RUN" starttime="20220911 21:44:53.603" endtime="20220911 21:44:53.603"/>
</kw>
<status status="FAIL" starttime="20220911 21:44:52.899" endtime="20220911 21:44:53.604"/>
</kw>
<kw name="Close Browser" library="SeleniumLibrary" type="TEARDOWN">
<doc>Closes the current browser.</doc>
<status status="PASS" starttime="20220911 21:44:53.604" endtime="20220911 21:44:55.725"/>
</kw>
<status status="FAIL" starttime="20220911 21:44:49.451" endtime="20220911 21:44:55.726">Title should have been 'Scouts panel' but was 'PANEL SKAUTINGOWY'.</status>
</test>
<test id="s1-s1-t2" name="Select polish language" line="44">
<kw name="Open Login page">
<kw name="Open Browser" library="SeleniumLibrary">
<arg>${LOGIN URL}</arg>
<arg>${BROWSER}</arg>
<doc>Opens a new browser instance to the optional ``url``.</doc>
<msg timestamp="20220911 21:44:55.728" level="INFO">Opening browser 'Chrome' to base url 'https://scouts.futbolkolektyw.pl/en/'.</msg>
<status status="PASS" starttime="20220911 21:44:55.727" endtime="20220911 21:44:57.358"/>
</kw>
<kw name="Title Should Be" library="SeleniumLibrary">
<arg>Scouts panel - sign in</arg>
<doc>Verifies that the current page title equals ``title``.</doc>
<msg timestamp="20220911 21:44:57.439" level="INFO">Page title is 'Scouts panel - sign in'.</msg>
<status status="PASS" starttime="20220911 21:44:57.359" endtime="20220911 21:44:57.439"/>
</kw>
<status status="PASS" starttime="20220911 21:44:55.727" endtime="20220911 21:44:57.439"/>
</kw>
<kw name="Click on the language button">
<kw name="Click Element" library="SeleniumLibrary">
<arg>${LANGUAGE}</arg>
<doc>Click the element identified by ``locator``.</doc>
<msg timestamp="20220911 21:44:57.441" level="INFO">Clicking element 'xpath=//*[@role='button']'.</msg>
<status status="PASS" starttime="20220911 21:44:57.440" endtime="20220911 21:44:57.539"/>
</kw>
<status status="PASS" starttime="20220911 21:44:57.440" endtime="20220911 21:44:57.539"/>
</kw>
<kw name="Select &quot;Polski&quot;">
<kw name="Click Element" library="SeleniumLibrary">
<arg>${DROPDOWNPOLSKI}</arg>
<doc>Click the element identified by ``locator``.</doc>
<msg timestamp="20220911 21:44:57.541" level="INFO">Clicking element 'xpath=//li[@data-value='pl']'.</msg>
<status status="PASS" starttime="20220911 21:44:57.540" endtime="20220911 21:44:57.679"/>
</kw>
<status status="PASS" starttime="20220911 21:44:57.539" endtime="20220911 21:44:57.679"/>
</kw>
<kw name="Assert Login page in Polish">
<kw name="Wait Until Element Is Visible" library="SeleniumLibrary">
<arg>${LOGINLOGO}</arg>
<doc>Waits until the element ``locator`` is visible.</doc>
<status status="PASS" starttime="20220911 21:44:57.680" endtime="20220911 21:44:57.721"/>
</kw>
<kw name="Title Should Be" library="SeleniumLibrary">
<arg>Scouts panel - zaloguj</arg>
<doc>Verifies that the current page title equals ``title``.</doc>
<msg timestamp="20220911 21:44:57.727" level="INFO">Page title is 'Scouts panel - zaloguj'.</msg>
<status status="PASS" starttime="20220911 21:44:57.721" endtime="20220911 21:44:57.727"/>
</kw>
<kw name="Element Text Should Be" library="SeleniumLibrary">
<arg>${PAGEINPOLISH}</arg>
<arg>ZALOGUJ</arg>
<doc>Verifies that element ``locator`` contains exact the text ``expected``.</doc>
<msg timestamp="20220911 21:44:57.728" level="INFO">Verifying element 'xpath=//*[text()='Zaloguj']' contains exact text 'ZALOGUJ'.</msg>
<status status="PASS" starttime="20220911 21:44:57.728" endtime="20220911 21:44:57.757"/>
</kw>
<kw name="Capture Page Screenshot" library="SeleniumLibrary">
<arg>screenshot_${TEST NAME}.png</arg>
<doc>Takes a screenshot of the current page and embeds it into a log file.</doc>
<msg timestamp="20220911 21:44:57.887" level="INFO" html="true">&lt;/td&gt;&lt;/tr&gt;&lt;tr&gt;&lt;td colspan="3"&gt;&lt;a href="screenshot_Select%20polish%20language.png"&gt;&lt;img src="screenshot_Select%20polish%20language.png" width="800px"&gt;&lt;/a&gt;</msg>
<status status="PASS" starttime="20220911 21:44:57.758" endtime="20220911 21:44:57.887"/>
</kw>
<status status="PASS" starttime="20220911 21:44:57.679" endtime="20220911 21:44:57.887"/>
</kw>
<kw name="Close Browser" library="SeleniumLibrary" type="TEARDOWN">
<doc>Closes the current browser.</doc>
<status status="PASS" starttime="20220911 21:44:57.887" endtime="20220911 21:45:00.025"/>
</kw>
<status status="PASS" starttime="20220911 21:44:55.726" endtime="20220911 21:45:00.025"/>
</test>
<test id="s1-s1-t3" name="Leave login empty" line="51">
<kw name="Open Login page">
<kw name="Open Browser" library="SeleniumLibrary">
<arg>${LOGIN URL}</arg>
<arg>${BROWSER}</arg>
<doc>Opens a new browser instance to the optional ``url``.</doc>
<msg timestamp="20220911 21:45:00.027" level="INFO">Opening browser 'Chrome' to base url 'https://scouts.futbolkolektyw.pl/en/'.</msg>
<status status="PASS" starttime="20220911 21:45:00.027" endtime="20220911 21:45:01.658"/>
</kw>
<kw name="Title Should Be" library="SeleniumLibrary">
<arg>Scouts panel - sign in</arg>
<doc>Verifies that the current page title equals ``title``.</doc>
<msg timestamp="20220911 21:45:01.665" level="INFO">Page title is 'Scouts panel - sign in'.</msg>
<status status="PASS" starttime="20220911 21:45:01.658" endtime="20220911 21:45:01.666"/>
</kw>
<status status="PASS" starttime="20220911 21:45:00.026" endtime="20220911 21:45:01.666"/>
</kw>
<kw name="Leave login field empty">
<kw name="Input Text" library="SeleniumLibrary">
<arg>${EMAILINPUT}</arg>
<arg>${EMPTY}</arg>
<doc>Types the given ``text`` into the text field identified by ``locator``.</doc>
<msg timestamp="20220911 21:45:01.669" level="INFO">Typing text '' into text field 'xpath=//*[@id='login']'.</msg>
<status status="PASS" starttime="20220911 21:45:01.667" endtime="20220911 21:45:01.803"/>
</kw>
<status status="PASS" starttime="20220911 21:45:01.666" endtime="20220911 21:45:01.803"/>
</kw>
<kw name="Type in password">
<kw name="Input Text" library="SeleniumLibrary">
<arg>${PASSWORDINPUT}</arg>
<arg>Test-1234</arg>
<doc>Types the given ``text`` into the text field identified by ``locator``.</doc>
<msg timestamp="20220911 21:45:01.804" level="INFO">Typing text 'Test-1234' into text field 'xpath=//*[@id='password']'.</msg>
<status status="PASS" starttime="20220911 21:45:01.804" endtime="20220911 21:45:01.984"/>
</kw>
<status status="PASS" starttime="20220911 21:45:01.803" endtime="20220911 21:45:01.984"/>
</kw>
<kw name="Click on the Sign in button">
<kw name="Click Element" library="SeleniumLibrary">
<arg>${SIGNINBUTTON}</arg>
<doc>Click the element identified by ``locator``.</doc>
<msg timestamp="20220911 21:45:01.986" level="INFO">Clicking element 'xpath=//*[text()= 'Sign in']'.</msg>
<status status="PASS" starttime="20220911 21:45:01.985" endtime="20220911 21:45:02.065"/>
</kw>
<status status="PASS" starttime="20220911 21:45:01.985" endtime="20220911 21:45:02.066"/>
</kw>
<kw name="Assert Login page">
<kw name="Wait Until Element Is Visible" library="SeleniumLibrary">
<arg>${LOGINLOGO}</arg>
<doc>Waits until the element ``locator`` is visible.</doc>
<status status="PASS" starttime="20220911 21:45:02.066" endtime="20220911 21:45:02.101"/>
</kw>
<kw name="Title Should Be" library="SeleniumLibrary">
<arg>Scouts panel - sign in</arg>
<doc>Verifies that the current page title equals ``title``.</doc>
<msg timestamp="20220911 21:45:02.120" level="INFO">Page title is 'Scouts panel - sign in'.</msg>
<status status="PASS" starttime="20220911 21:45:02.102" endtime="20220911 21:45:02.120"/>
</kw>
<kw name="Capture Page Screenshot" library="SeleniumLibrary">
<arg>screenshot_${TEST NAME}.png</arg>
<doc>Takes a screenshot of the current page and embeds it into a log file.</doc>
<msg timestamp="20220911 21:45:02.330" level="INFO" html="true">&lt;/td&gt;&lt;/tr&gt;&lt;tr&gt;&lt;td colspan="3"&gt;&lt;a href="screenshot_Leave%20login%20empty.png"&gt;&lt;img src="screenshot_Leave%20login%20empty.png" width="800px"&gt;&lt;/a&gt;</msg>
<status status="PASS" starttime="20220911 21:45:02.120" endtime="20220911 21:45:02.330"/>
</kw>
<status status="PASS" starttime="20220911 21:45:02.066" endtime="20220911 21:45:02.331"/>
</kw>
<kw name="Assert empty login message">
<kw name="Wait Until Element Is Visible" library="SeleniumLibrary">
<arg>${INVALIDLOGINMESSAGE}</arg>
<doc>Waits until the element ``locator`` is visible.</doc>
<status status="PASS" starttime="20220911 21:45:02.331" endtime="20220911 21:45:02.368"/>
</kw>
<kw name="Element Text Should Be" library="SeleniumLibrary">
<arg>${INVALIDLOGINMESSAGE}</arg>
<arg>Please provide your username or your e-mail.</arg>
<doc>Verifies that element ``locator`` contains exact the text ``expected``.</doc>
<msg timestamp="20220911 21:45:02.369" level="INFO">Verifying element 'xpath=//span[contains(@class, 'MuiTypography-root')]' contains exact text 'Please provide your username or your e-mail.'.</msg>
<status status="PASS" starttime="20220911 21:45:02.368" endtime="20220911 21:45:02.417"/>
</kw>
<kw name="Capture Page Screenshot" library="SeleniumLibrary">
<arg>screenshot_${TEST NAME}.png</arg>
<doc>Takes a screenshot of the current page and embeds it into a log file.</doc>
<msg timestamp="20220911 21:45:02.594" level="INFO" html="true">&lt;/td&gt;&lt;/tr&gt;&lt;tr&gt;&lt;td colspan="3"&gt;&lt;a href="screenshot_Leave%20login%20empty.png"&gt;&lt;img src="screenshot_Leave%20login%20empty.png" width="800px"&gt;&lt;/a&gt;</msg>
<status status="PASS" starttime="20220911 21:45:02.417" endtime="20220911 21:45:02.594"/>
</kw>
<status status="PASS" starttime="20220911 21:45:02.331" endtime="20220911 21:45:02.594"/>
</kw>
<kw name="Close Browser" library="SeleniumLibrary" type="TEARDOWN">
<doc>Closes the current browser.</doc>
<status status="PASS" starttime="20220911 21:45:02.595" endtime="20220911 21:45:04.760"/>
</kw>
<status status="PASS" starttime="20220911 21:45:00.026" endtime="20220911 21:45:04.760"/>
</test>
<test id="s1-s1-t4" name="Type in invalid password" line="60">
<kw name="Open Login page">
<kw name="Open Browser" library="SeleniumLibrary">
<arg>${LOGIN URL}</arg>
<arg>${BROWSER}</arg>
<doc>Opens a new browser instance to the optional ``url``.</doc>
<msg timestamp="20220911 21:45:04.762" level="INFO">Opening browser 'Chrome' to base url 'https://scouts.futbolkolektyw.pl/en/'.</msg>
<status status="PASS" starttime="20220911 21:45:04.762" endtime="20220911 21:45:06.302"/>
</kw>
<kw name="Title Should Be" library="SeleniumLibrary">
<arg>Scouts panel - sign in</arg>
<doc>Verifies that the current page title equals ``title``.</doc>
<msg timestamp="20220911 21:45:06.309" level="INFO">Page title is 'Scouts panel - sign in'.</msg>
<status status="PASS" starttime="20220911 21:45:06.302" endtime="20220911 21:45:06.310"/>
</kw>
<status status="PASS" starttime="20220911 21:45:04.761" endtime="20220911 21:45:06.310"/>
</kw>
<kw name="Type in email">
<kw name="Input Text" library="SeleniumLibrary">
<arg>${EMAILINPUT}</arg>
<arg>user10@getnada.com</arg>
<doc>Types the given ``text`` into the text field identified by ``locator``.</doc>
<msg timestamp="20220911 21:45:06.311" level="INFO">Typing text 'user10@getnada.com' into text field 'xpath=//*[@id='login']'.</msg>
<status status="PASS" starttime="20220911 21:45:06.310" endtime="20220911 21:45:06.547"/>
</kw>
<status status="PASS" starttime="20220911 21:45:06.310" endtime="20220911 21:45:06.547"/>
</kw>
<kw name="Type invalid password">
<kw name="Input Text" library="SeleniumLibrary">
<arg>${PASSWORDINPUT}</arg>
<arg>Test-1111</arg>
<doc>Types the given ``text`` into the text field identified by ``locator``.</doc>
<msg timestamp="20220911 21:45:06.548" level="INFO">Typing text 'Test-1111' into text field 'xpath=//*[@id='password']'.</msg>
<status status="PASS" starttime="20220911 21:45:06.548" endtime="20220911 21:45:06.703"/>
</kw>
<status status="PASS" starttime="20220911 21:45:06.547" endtime="20220911 21:45:06.703"/>
</kw>
<kw name="Click on the Sign in button">
<kw name="Click Element" library="SeleniumLibrary">
<arg>${SIGNINBUTTON}</arg>
<doc>Click the element identified by ``locator``.</doc>
<msg timestamp="20220911 21:45:06.705" level="INFO">Clicking element 'xpath=//*[text()= 'Sign in']'.</msg>
<status status="PASS" starttime="20220911 21:45:06.705" endtime="20220911 21:45:06.771"/>
</kw>
<status status="PASS" starttime="20220911 21:45:06.704" endtime="20220911 21:45:06.772"/>
</kw>
<kw name="Assert Login page">
<kw name="Wait Until Element Is Visible" library="SeleniumLibrary">
<arg>${LOGINLOGO}</arg>
<doc>Waits until the element ``locator`` is visible.</doc>
<status status="PASS" starttime="20220911 21:45:06.773" endtime="20220911 21:45:06.802"/>
</kw>
<kw name="Title Should Be" library="SeleniumLibrary">
<arg>Scouts panel - sign in</arg>
<doc>Verifies that the current page title equals ``title``.</doc>
<msg timestamp="20220911 21:45:06.809" level="INFO">Page title is 'Scouts panel - sign in'.</msg>
<status status="PASS" starttime="20220911 21:45:06.803" endtime="20220911 21:45:06.809"/>
</kw>
<kw name="Capture Page Screenshot" library="SeleniumLibrary">
<arg>screenshot_${TEST NAME}.png</arg>
<doc>Takes a screenshot of the current page and embeds it into a log file.</doc>
<msg timestamp="20220911 21:45:07.068" level="INFO" html="true">&lt;/td&gt;&lt;/tr&gt;&lt;tr&gt;&lt;td colspan="3"&gt;&lt;a href="screenshot_Type%20in%20invalid%20password.png"&gt;&lt;img src="screenshot_Type%20in%20invalid%20password.png" width="800px"&gt;&lt;/a&gt;</msg>
<status status="PASS" starttime="20220911 21:45:06.809" endtime="20220911 21:45:07.068"/>
</kw>
<status status="PASS" starttime="20220911 21:45:06.772" endtime="20220911 21:45:07.068"/>
</kw>
<kw name="Assert invalid password message">
<kw name="Wait Until Element Is Visible" library="SeleniumLibrary">
<arg>${INVALIDLOGINMESSAGE}</arg>
<doc>Waits until the element ``locator`` is visible.</doc>
<status status="PASS" starttime="20220911 21:45:07.069" endtime="20220911 21:45:07.127"/>
</kw>
<kw name="Element Text Should Be" library="SeleniumLibrary">
<arg>${INVALIDLOGINMESSAGE}</arg>
<arg>Identifier or password invalid.</arg>
<doc>Verifies that element ``locator`` contains exact the text ``expected``.</doc>
<msg timestamp="20220911 21:45:07.128" level="INFO">Verifying element 'xpath=//span[contains(@class, 'MuiTypography-root')]' contains exact text 'Identifier or password invalid.'.</msg>
<status status="PASS" starttime="20220911 21:45:07.127" endtime="20220911 21:45:07.186"/>
</kw>
<kw name="Capture Page Screenshot" library="SeleniumLibrary">
<arg>screenshot_${TEST NAME}.png</arg>
<doc>Takes a screenshot of the current page and embeds it into a log file.</doc>
<msg timestamp="20220911 21:45:07.402" level="INFO" html="true">&lt;/td&gt;&lt;/tr&gt;&lt;tr&gt;&lt;td colspan="3"&gt;&lt;a href="screenshot_Type%20in%20invalid%20password.png"&gt;&lt;img src="screenshot_Type%20in%20invalid%20password.png" width="800px"&gt;&lt;/a&gt;</msg>
<status status="PASS" starttime="20220911 21:45:07.187" endtime="20220911 21:45:07.402"/>
</kw>
<status status="PASS" starttime="20220911 21:45:07.069" endtime="20220911 21:45:07.402"/>
</kw>
<kw name="Close Browser" library="SeleniumLibrary" type="TEARDOWN">
<doc>Closes the current browser.</doc>
<status status="PASS" starttime="20220911 21:45:07.403" endtime="20220911 21:45:09.583"/>
</kw>
<status status="PASS" starttime="20220911 21:45:04.761" endtime="20220911 21:45:09.583"/>
</test>
<test id="s1-s1-t5" name="Assert text of the sign in box title" line="69">
<kw name="Open Login page">
<kw name="Open Browser" library="SeleniumLibrary">
<arg>${LOGIN URL}</arg>
<arg>${BROWSER}</arg>
<doc>Opens a new browser instance to the optional ``url``.</doc>
<msg timestamp="20220911 21:45:09.587" level="INFO">Opening browser 'Chrome' to base url 'https://scouts.futbolkolektyw.pl/en/'.</msg>
<status status="PASS" starttime="20220911 21:45:09.586" endtime="20220911 21:45:13.105"/>
</kw>
<kw name="Title Should Be" library="SeleniumLibrary">
<arg>Scouts panel - sign in</arg>
<doc>Verifies that the current page title equals ``title``.</doc>
<msg timestamp="20220911 21:45:13.187" level="INFO">Page title is 'Scouts panel - sign in'.</msg>
<status status="PASS" starttime="20220911 21:45:13.105" endtime="20220911 21:45:13.187"/>
</kw>
<status status="PASS" starttime="20220911 21:45:09.585" endtime="20220911 21:45:13.188"/>
</kw>
<kw name="Check text of the box title by xpath">
<kw name="Wait Until Element Is Visible" library="SeleniumLibrary">
<arg>${LOGINLOGO}</arg>
<doc>Waits until the element ``locator`` is visible.</doc>
<status status="PASS" starttime="20220911 21:45:13.189" endtime="20220911 21:45:13.264"/>
</kw>
<kw name="Element Text Should Be" library="SeleniumLibrary">
<arg>${BOXTITLE}</arg>
<arg>Scouts Panel</arg>
<doc>Verifies that element ``locator`` contains exact the text ``expected``.</doc>
<msg timestamp="20220911 21:45:13.265" level="INFO">Verifying element 'xpath=//*[contains(@class, 'MuiTypography-root MuiTypography-h5')]' contains exact text 'Scouts Panel'.</msg>
<msg timestamp="20220911 21:45:13.484" level="INFO" html="true">&lt;/td&gt;&lt;/tr&gt;&lt;tr&gt;&lt;td colspan="3"&gt;&lt;a href="selenium-screenshot-8.png"&gt;&lt;img src="selenium-screenshot-8.png" width="800px"&gt;&lt;/a&gt;</msg>
<msg timestamp="20220911 21:45:13.484" level="FAIL">The text of element 'xpath=//*[contains(@class, 'MuiTypography-root MuiTypography-h5')]' should have been 'Scouts Panel' but it was 'PANEL SKAUTINGOWY'.</msg>
<status status="FAIL" starttime="20220911 21:45:13.264" endtime="20220911 21:45:13.486"/>
</kw>
<kw name="Capture Page Screenshot" library="SeleniumLibrary">
<arg>screenshot_${TEST NAME}.png</arg>
<doc>Takes a screenshot of the current page and embeds it into a log file.</doc>
<status status="NOT RUN" starttime="20220911 21:45:13.487" endtime="20220911 21:45:13.487"/>
</kw>
<status status="FAIL" starttime="20220911 21:45:13.188" endtime="20220911 21:45:13.488"/>
</kw>
<kw name="Close Browser" library="SeleniumLibrary" type="TEARDOWN">
<doc>Closes the current browser.</doc>
<status status="PASS" starttime="20220911 21:45:13.488" endtime="20220911 21:45:16.809"/>
</kw>
<status status="FAIL" starttime="20220911 21:45:09.584" endtime="20220911 21:45:16.811">The text of element 'xpath=//*[contains(@class, 'MuiTypography-root MuiTypography-h5')]' should have been 'Scouts Panel' but it was 'PANEL SKAUTINGOWY'.</status>
</test>
<test id="s1-s1-t6" name="Add new player" line="74">
<kw name="Open Login page">
<kw name="Open Browser" library="SeleniumLibrary">
<arg>${LOGIN URL}</arg>
<arg>${BROWSER}</arg>
<doc>Opens a new browser instance to the optional ``url``.</doc>
<msg timestamp="20220911 21:45:16.815" level="INFO">Opening browser 'Chrome' to base url 'https://scouts.futbolkolektyw.pl/en/'.</msg>
<status status="PASS" starttime="20220911 21:45:16.814" endtime="20220911 21:45:19.027"/>
</kw>
<kw name="Title Should Be" library="SeleniumLibrary">
<arg>Scouts panel - sign in</arg>
<doc>Verifies that the current page title equals ``title``.</doc>
<msg timestamp="20220911 21:45:19.035" level="INFO">Page title is 'Scouts panel - sign in'.</msg>
<status status="PASS" starttime="20220911 21:45:19.028" endtime="20220911 21:45:19.035"/>
</kw>
<status status="PASS" starttime="20220911 21:45:16.813" endtime="20220911 21:45:19.036"/>
</kw>
<kw name="Type in email">
<kw name="Input Text" library="SeleniumLibrary">
<arg>${EMAILINPUT}</arg>
<arg>user10@getnada.com</arg>
<doc>Types the given ``text`` into the text field identified by ``locator``.</doc>
<msg timestamp="20220911 21:45:19.037" level="INFO">Typing text 'user10@getnada.com' into text field 'xpath=//*[@id='login']'.</msg>
<status status="PASS" starttime="20220911 21:45:19.036" endtime="20220911 21:45:19.296"/>
</kw>
<status status="PASS" starttime="20220911 21:45:19.036" endtime="20220911 21:45:19.297"/>
</kw>
<kw name="Type in password">
<kw name="Input Text" library="SeleniumLibrary">
<arg>${PASSWORDINPUT}</arg>
<arg>Test-1234</arg>
<doc>Types the given ``text`` into the text field identified by ``locator``.</doc>
<msg timestamp="20220911 21:45:19.298" level="INFO">Typing text 'Test-1234' into text field 'xpath=//*[@id='password']'.</msg>
<status status="PASS" starttime="20220911 21:45:19.297" endtime="20220911 21:45:19.443"/>
</kw>
<status status="PASS" starttime="20220911 21:45:19.297" endtime="20220911 21:45:19.443"/>
</kw>
<kw name="Click on the Sign in button">
<kw name="Click Element" library="SeleniumLibrary">
<arg>${SIGNINBUTTON}</arg>
<doc>Click the element identified by ``locator``.</doc>
<msg timestamp="20220911 21:45:19.445" level="INFO">Clicking element 'xpath=//*[text()= 'Sign in']'.</msg>
<status status="PASS" starttime="20220911 21:45:19.444" endtime="20220911 21:45:19.521"/>
</kw>
<status status="PASS" starttime="20220911 21:45:19.444" endtime="20220911 21:45:19.522"/>
</kw>
<kw name="Assert Dashboard">
<kw name="Wait Until Element Is Visible" library="SeleniumLibrary">
<arg>${DASHBOARDLOGO}</arg>
<doc>Waits until the element ``locator`` is visible.</doc>
<status status="PASS" starttime="20220911 21:45:19.523" endtime="20220911 21:45:19.992"/>
</kw>
<kw name="Title Should Be" library="SeleniumLibrary">
<arg>Scouts panel</arg>
<doc>Verifies that the current page title equals ``title``.</doc>
<msg timestamp="20220911 21:45:20.245" level="INFO" html="true">&lt;/td&gt;&lt;/tr&gt;&lt;tr&gt;&lt;td colspan="3"&gt;&lt;a href="selenium-screenshot-9.png"&gt;&lt;img src="selenium-screenshot-9.png" width="800px"&gt;&lt;/a&gt;</msg>
<msg timestamp="20220911 21:45:20.245" level="FAIL">Title should have been 'Scouts panel' but was 'PANEL SKAUTINGOWY'.</msg>
<status status="FAIL" starttime="20220911 21:45:19.992" endtime="20220911 21:45:20.246"/>
</kw>
<kw name="Capture Page Screenshot" library="SeleniumLibrary">
<arg>screenshot_${TEST NAME}.png</arg>
<doc>Takes a screenshot of the current page and embeds it into a log file.</doc>
<status status="NOT RUN" starttime="20220911 21:45:20.246" endtime="20220911 21:45:20.246"/>
</kw>
<status status="FAIL" starttime="20220911 21:45:19.522" endtime="20220911 21:45:20.247"/>
</kw>
<kw name="Click on Add Player button">
<status status="NOT RUN" starttime="20220911 21:45:20.247" endtime="20220911 21:45:20.247"/>
</kw>
<kw name="Type in player's name">
<status status="NOT RUN" starttime="20220911 21:45:20.247" endtime="20220911 21:45:20.247"/>
</kw>
<kw name="Type in player's surname">
<status status="NOT RUN" starttime="20220911 21:45:20.247" endtime="20220911 21:45:20.247"/>
</kw>
<kw name="Type in player's date of birth">
<status status="NOT RUN" starttime="20220911 21:45:20.247" endtime="20220911 21:45:20.247"/>
</kw>
<kw name="Type in player's main position">
<status status="NOT RUN" starttime="20220911 21:45:20.247" endtime="20220911 21:45:20.247"/>
</kw>
<kw name="Select player's right leg">
<status status="NOT RUN" starttime="20220911 21:45:20.247" endtime="20220911 21:45:20.247"/>
</kw>
<kw name="Click on the Submit button">
<status status="NOT RUN" starttime="20220911 21:45:20.247" endtime="20220911 21:45:20.247"/>
</kw>
<kw name="Assert added player in menu">
<status status="NOT RUN" starttime="20220911 21:45:20.248" endtime="20220911 21:45:20.248"/>
</kw>
<kw name="Close Browser" library="SeleniumLibrary" type="TEARDOWN">
<doc>Closes the current browser.</doc>
<status status="PASS" starttime="20220911 21:45:20.248" endtime="20220911 21:45:22.452"/>
</kw>
<status status="FAIL" starttime="20220911 21:45:16.812" endtime="20220911 21:45:22.452">Title should have been 'Scouts panel' but was 'PANEL SKAUTINGOWY'.</status>
</test>
<test id="s1-s1-t7" name="Log out of the site" line="90">
<kw name="Open Login page">
<kw name="Open Browser" library="SeleniumLibrary">
<arg>${LOGIN URL}</arg>
<arg>${BROWSER}</arg>
<doc>Opens a new browser instance to the optional ``url``.</doc>
<msg timestamp="20220911 21:45:22.454" level="INFO">Opening browser 'Chrome' to base url 'https://scouts.futbolkolektyw.pl/en/'.</msg>
<status status="PASS" starttime="20220911 21:45:22.454" endtime="20220911 21:45:23.952"/>
</kw>
<kw name="Title Should Be" library="SeleniumLibrary">
<arg>Scouts panel - sign in</arg>
<doc>Verifies that the current page title equals ``title``.</doc>
<msg timestamp="20220911 21:45:23.959" level="INFO">Page title is 'Scouts panel - sign in'.</msg>
<status status="PASS" starttime="20220911 21:45:23.952" endtime="20220911 21:45:23.959"/>
</kw>
<status status="PASS" starttime="20220911 21:45:22.454" endtime="20220911 21:45:23.959"/>
</kw>
<kw name="Type in email">
<kw name="Input Text" library="SeleniumLibrary">
<arg>${EMAILINPUT}</arg>
<arg>user10@getnada.com</arg>
<doc>Types the given ``text`` into the text field identified by ``locator``.</doc>
<msg timestamp="20220911 21:45:23.961" level="INFO">Typing text 'user10@getnada.com' into text field 'xpath=//*[@id='login']'.</msg>
<status status="PASS" starttime="20220911 21:45:23.960" endtime="20220911 21:45:24.222"/>
</kw>
<status status="PASS" starttime="20220911 21:45:23.960" endtime="20220911 21:45:24.222"/>
</kw>
<kw name="Type in password">
<kw name="Input Text" library="SeleniumLibrary">
<arg>${PASSWORDINPUT}</arg>
<arg>Test-1234</arg>
<doc>Types the given ``text`` into the text field identified by ``locator``.</doc>
<msg timestamp="20220911 21:45:24.223" level="INFO">Typing text 'Test-1234' into text field 'xpath=//*[@id='password']'.</msg>
<status status="PASS" starttime="20220911 21:45:24.223" endtime="20220911 21:45:24.364"/>
</kw>
<status status="PASS" starttime="20220911 21:45:24.222" endtime="20220911 21:45:24.364"/>
</kw>
<kw name="Click on the Sign in button">
<kw name="Click Element" library="SeleniumLibrary">
<arg>${SIGNINBUTTON}</arg>
<doc>Click the element identified by ``locator``.</doc>
<msg timestamp="20220911 21:45:24.366" level="INFO">Clicking element 'xpath=//*[text()= 'Sign in']'.</msg>
<status status="PASS" starttime="20220911 21:45:24.366" endtime="20220911 21:45:24.425"/>
</kw>
<status status="PASS" starttime="20220911 21:45:24.365" endtime="20220911 21:45:24.426"/>
</kw>
<kw name="Assert Dashboard">
<kw name="Wait Until Element Is Visible" library="SeleniumLibrary">
<arg>${DASHBOARDLOGO}</arg>
<doc>Waits until the element ``locator`` is visible.</doc>
<status status="PASS" starttime="20220911 21:45:24.426" endtime="20220911 21:45:24.898"/>
</kw>
<kw name="Title Should Be" library="SeleniumLibrary">
<arg>Scouts panel</arg>
<doc>Verifies that the current page title equals ``title``.</doc>
<msg timestamp="20220911 21:45:25.117" level="INFO" html="true">&lt;/td&gt;&lt;/tr&gt;&lt;tr&gt;&lt;td colspan="3"&gt;&lt;a href="selenium-screenshot-10.png"&gt;&lt;img src="selenium-screenshot-10.png" width="800px"&gt;&lt;/a&gt;</msg>
<msg timestamp="20220911 21:45:25.118" level="FAIL">Title should have been 'Scouts panel' but was 'PANEL SKAUTINGOWY'.</msg>
<status status="FAIL" starttime="20220911 21:45:24.898" endtime="20220911 21:45:25.118"/>
</kw>
<kw name="Capture Page Screenshot" library="SeleniumLibrary">
<arg>screenshot_${TEST NAME}.png</arg>
<doc>Takes a screenshot of the current page and embeds it into a log file.</doc>
<status status="NOT RUN" starttime="20220911 21:45:25.119" endtime="20220911 21:45:25.119"/>
</kw>
<status status="FAIL" starttime="20220911 21:45:24.426" endtime="20220911 21:45:25.119"/>
</kw>
<kw name="Click on the Sign out button">
<status status="NOT RUN" starttime="20220911 21:45:25.120" endtime="20220911 21:45:25.120"/>
</kw>
<kw name="Assert Login page">
<status status="NOT RUN" starttime="20220911 21:45:25.120" endtime="20220911 21:45:25.120"/>
</kw>
<kw name="Close Browser" library="SeleniumLibrary" type="TEARDOWN">
<doc>Closes the current browser.</doc>
<status status="PASS" starttime="20220911 21:45:25.120" endtime="20220911 21:45:27.270"/>
</kw>
<status status="FAIL" starttime="20220911 21:45:22.453" endtime="20220911 21:45:27.270">Title should have been 'Scouts panel' but was 'PANEL SKAUTINGOWY'.</status>
</test>
<doc>Suite description</doc>
<status status="FAIL" starttime="20220911 21:44:49.116" endtime="20220911 21:45:27.271"/>
</suite>
<status status="FAIL" starttime="20220911 21:44:49.086" endtime="20220911 21:45:27.274"/>
</suite>
<statistics>
<total>
<stat pass="3" fail="4" skip="0">All Tests</stat>
</total>
<tag>
</tag>
<suite>
<stat pass="3" fail="4" skip="0" id="s1" name="Ksu robotframework">Ksu robotframework</stat>
<stat pass="3" fail="4" skip="0" id="s1-s1" name="Test Login Rf">Ksu robotframework.Test Login Rf</stat>
</suite>
</statistics>
<errors>
</errors>
</robot>
